<?xml version="1.0" encoding="UTF-8"?>
<!-- Generated by org.testng.reporters.JUnitReportReporter -->
<testsuite hostname="LAPTOP-VRCUDKR5" failures="0" tests="3" name="TestCases.SimplilearnLoginTest" time="41.287" errors="0" timestamp="2022-09-21T13:03:35 IST" skipped="0">
  <testcase classname="TestCases.SimplilearnLoginTest" name="Test3" time="14.085"/>
  <system-out/>
  <testcase classname="TestCases.SimplilearnLoginTest" name="Test1" time="13.648"/>
  <system-out/>
  <testcase classname="TestCases.SimplilearnLoginTest" name="Test2" time="13.554"/>
  <system-out/>
</testsuite> <!-- TestCases.SimplilearnLoginTest -->
