<?xml version="1.0" encoding="UTF-8"?>
<!-- Generated by org.testng.reporters.JUnitReportReporter -->
<testsuite hostname="LAPTOP-VRCUDKR5" failures="0" tests="1" name="TestCases.HomeTest" time="4.834" errors="0" timestamp="2022-09-21T13:04:01 IST" skipped="0">
  <testcase classname="TestCases.HomeTest" name="Test1" time="4.834"/>
  <system-out/>
</testsuite> <!-- TestCases.HomeTest -->
