<?xml version="1.0" encoding="UTF-8"?>
<!-- Generated by org.testng.reporters.JUnitReportReporter -->
<testsuite hostname="LAPTOP-VRCUDKR5" failures="0" tests="3" name="TestCases.SimplilearnLoginTest" time="33.854" errors="0" timestamp="2022-09-21T13:09:32 IST" skipped="0">
  <testcase classname="TestCases.SimplilearnLoginTest" name="Test1" time="11.056"/>
  <system-out/>
  <testcase classname="TestCases.SimplilearnLoginTest" name="Test2" time="10.917"/>
  <system-out/>
  <testcase classname="TestCases.SimplilearnLoginTest" name="Test3" time="11.881"/>
  <system-out/>
</testsuite> <!-- TestCases.SimplilearnLoginTest -->
